<?xml version="1.0" encoding="UTF-8"?>
<!-- Generated by org.testng.reporters.JUnitXMLReporter -->
<testsuite hostname="QiuyedeMacBook-Air.local" ignored="0" name="Test" tests="411" failures="8" timestamp="29 一月 2021 16:08:26 GMT" time="91.114" errors="0">
  <testcase name="testCaseRequest" time="0.109" classname="com.api.test.ApiTest"/>
  <testcase name="testCaseRequest" time="0.706" classname="com.api.test.ApiTest"/>
  <testcase name="testCaseRequest" time="0.044" classname="com.api.test.ApiTest"/>
  <testcase name="testCaseRequest" time="0.455" classname="com.api.test.ApiTest"/>
  <testcase name="testCaseRequest" time="0.051" classname="com.api.test.ApiTest"/>
  <testcase name="testCaseRequest" time="0.073" classname="com.api.test.ApiTest"/>
  <testcase name="testCaseRequest" time="0.045" classname="com.api.test.ApiTest"/>
  <testcase name="testCaseRequest" time="0.438" classname="com.api.test.ApiTest"/>
  <testcase name="testCaseRequest" time="1.825" classname="com.api.test.ApiTest"/>
  <testcase name="testCaseRequest" time="0.075" classname="com.api.test.ApiTest"/>
  <testcase name="testCaseRequest" time="0.058" classname="com.api.test.ApiTest"/>
  <testcase name="testCaseRequest" time="0.524" classname="com.api.test.ApiTest"/>
  <testcase name="testCaseRequest" time="0.127" classname="com.api.test.ApiTest"/>
  <testcase name="testCaseRequest" time="0.06" classname="com.api.test.ApiTest"/>
  <testcase name="testCaseRequest" time="2.014" classname="com.api.test.ApiTest"/>
  <testcase name="testCaseRequest" time="0.217" classname="com.api.test.ApiTest"/>
  <testcase name="testCaseRequest" time="10.365" classname="com.api.test.ApiTest"/>
  <testcase name="testCaseRequest" time="0.151" classname="com.api.test.ApiTest"/>
  <testcase name="testCaseRequest" time="0.052" classname="com.api.test.ApiTest"/>
  <testcase name="testCaseRequest" time="0.07" classname="com.api.test.ApiTest"/>
  <testcase name="testCaseRequest" time="0.09" classname="com.api.test.ApiTest">
    <failure type="java.lang.Throwable">
      <![CDATA[java.lang.Throwable
at message : 
请求Url为: https://zlzxy.zhixueyun.com/api/v1/system/menu?_=1578030321705
Response消息为: 
{
"error":0,
"errorCode":900001,
"extend":{},
"message":"Invalid input.",
"url":""
}
 expected [200] but found [422] in method : .testCaseRequest(ApiTest:92)
at com.api.test.ApiTest.apiTestMethod(ApiTest.java:140)
at com.api.test.ApiTest.testCaseRequest(ApiTest.java:92)
]]>
    </failure>
  </testcase> <!-- testCaseRequest -->
  <testcase name="testCaseRequest" time="0.202" classname="com.api.test.ApiTest">
    <failure type="java.lang.Throwable">
      <![CDATA[java.lang.Throwable
at message : 
请求Url为: https://zlzxy.zhixueyun.com/api/v1/system/menu?asParent=true&_=1578030321706
Response消息为: 
{
"error":0,
"errorCode":900001,
"extend":{},
"message":"Invalid input.",
"url":""
}
 expected [200] but found [422] in method : .testCaseRequest(ApiTest:92)
at com.api.test.ApiTest.apiTestMethod(ApiTest.java:140)
at com.api.test.ApiTest.testCaseRequest(ApiTest.java:92)
]]>
    </failure>
  </testcase> <!-- testCaseRequest -->
  <testcase name="testCaseRequest" time="0.051" classname="com.api.test.ApiTest"/>
  <testcase name="testCaseRequest" time="0.046" classname="com.api.test.ApiTest">
    <failure type="java.lang.Throwable">
      <![CDATA[java.lang.Throwable
at message : 
请求Url为: https://zlzxy.zhixueyun.com/api/v1/system/menu/page?page=1&pageSize=10&_=1578030321708
Response消息为: 
{
"error":0,
"errorCode":900001,
"extend":{},
"message":"Invalid input.",
"url":""
}
 expected [200] but found [422] in method : .testCaseRequest(ApiTest:92)
at com.api.test.ApiTest.apiTestMethod(ApiTest.java:140)
at com.api.test.ApiTest.testCaseRequest(ApiTest.java:92)
]]>
    </failure>
  </testcase> <!-- testCaseRequest -->
  <testcase name="testCaseRequest" time="0.04" classname="com.api.test.ApiTest">
    <failure type="java.lang.Throwable">
      <![CDATA[java.lang.Throwable
at message : 
请求Url为: https://zlzxy.zhixueyun.com/api/v1/system/menu/page?name=&parentId=&page=1&pageSize=10&_=1578030321709
Response消息为: 
{
"error":0,
"errorCode":900001,
"extend":{},
"message":"Invalid input.",
"url":""
}
 expected [200] but found [422] in method : .testCaseRequest(ApiTest:92)
at com.api.test.ApiTest.apiTestMethod(ApiTest.java:140)
at com.api.test.ApiTest.testCaseRequest(ApiTest.java:92)
]]>
    </failure>
  </testcase> <!-- testCaseRequest -->
  <testcase name="testCaseRequest" time="0.041" classname="com.api.test.ApiTest">
    <failure type="java.lang.Throwable">
      <![CDATA[java.lang.Throwable
at message : 
请求Url为: https://zlzxy.zhixueyun.com/api/v1/system/menu/page?name=%E5%9C%A8%E7%BA%BF%E8%AF%BE%E7%A8%8B&parentId=&page=1&pageSize=10&_=1578030321712
Response消息为: 
{
"error":0,
"errorCode":900001,
"extend":{},
"message":"Invalid input.",
"url":""
}
 expected [200] but found [422] in method : .testCaseRequest(ApiTest:92)
at com.api.test.ApiTest.apiTestMethod(ApiTest.java:140)
at com.api.test.ApiTest.testCaseRequest(ApiTest.java:92)
]]>
    </failure>
  </testcase> <!-- testCaseRequest -->
  <testcase name="testCaseRequest" time="0.041" classname="com.api.test.ApiTest">
    <failure type="java.lang.Throwable">
      <![CDATA[java.lang.Throwable
at message : 
请求Url为: https://zlzxy.zhixueyun.com/api/v1/system/menu/?_=1578030321713
Response消息为: 
{
"error":0,
"errorCode":900001,
"extend":{},
"message":"Invalid input.",
"url":""
}
 expected [200] but found [422] in method : .testCaseRequest(ApiTest:92)
at com.api.test.ApiTest.apiTestMethod(ApiTest.java:140)
at com.api.test.ApiTest.testCaseRequest(ApiTest.java:92)
]]>
    </failure>
  </testcase> <!-- testCaseRequest -->
  <testcase name="testCaseRequest" time="0.133" classname="com.api.test.ApiTest"/>
  <testcase name="testCaseRequest" time="0.621" classname="com.api.test.ApiTest"/>
  <testcase name="testCaseRequest" time="0.05" classname="com.api.test.ApiTest"/>
  <testcase name="testCaseRequest" time="0.217" classname="com.api.test.ApiTest"/>
  <testcase name="testCaseRequest" time="1.658" classname="com.api.test.ApiTest"/>
  <testcase name="testCaseRequest" time="0.043" classname="com.api.test.ApiTest">
    <failure type="java.lang.Throwable">
      <![CDATA[java.lang.Throwable
at message : 
请求Url为: https://zlzxy.zhixueyun.com/api/v1/system/menu?asParent=true&_=1578030321706
Response消息为: 
{
"error":0,
"errorCode":900001,
"extend":{},
"message":"Invalid input.",
"url":""
}
 expected [200] but found [422] in method : .testCaseRequest(ApiTest:92)
at com.api.test.ApiTest.apiTestMethod(ApiTest.java:140)
at com.api.test.ApiTest.testCaseRequest(ApiTest.java:92)
]]>
    </failure>
  </testcase> <!-- testCaseRequest -->
  <testcase name="testCaseRequest" time="0.22" classname="com.api.test.ApiTest"/>
  <testcase name="testCaseRequest" time="0.045" classname="com.api.test.ApiTest"/>
  <testcase name="testCaseRequest" time="0.198" classname="com.api.test.ApiTest"/>
  <testcase name="testCaseRequest" time="0.611" classname="com.api.test.ApiTest"/>
  <testcase name="testCaseRequest" time="0.165" classname="com.api.test.ApiTest"/>
  <testcase name="testCaseRequest" time="0.047" classname="com.api.test.ApiTest"/>
  <testcase name="testCaseRequest" time="0.038" classname="com.api.test.ApiTest"/>
  <testcase name="testCaseRequest" time="0.05" classname="com.api.test.ApiTest"/>
  <testcase name="testCaseRequest" time="0.086" classname="com.api.test.ApiTest"/>
  <testcase name="testCaseRequest" time="0.048" classname="com.api.test.ApiTest"/>
  <testcase name="testCaseRequest" time="0.091" classname="com.api.test.ApiTest"/>
  <testcase name="testCaseRequest" time="0.097" classname="com.api.test.ApiTest"/>
  <testcase name="testCaseRequest" time="0.044" classname="com.api.test.ApiTest"/>
  <testcase name="testCaseRequest" time="0.068" classname="com.api.test.ApiTest"/>
  <testcase name="testCaseRequest" time="0.066" classname="com.api.test.ApiTest"/>
  <testcase name="testCaseRequest" time="0.434" classname="com.api.test.ApiTest"/>
  <testcase name="testCaseRequest" time="0.074" classname="com.api.test.ApiTest"/>
  <testcase name="testCaseRequest" time="0.441" classname="com.api.test.ApiTest"/>
  <testcase name="testCaseRequest" time="0.163" classname="com.api.test.ApiTest"/>
  <testcase name="testCaseRequest" time="0.13" classname="com.api.test.ApiTest"/>
  <testcase name="testCaseRequest" time="0.085" classname="com.api.test.ApiTest"/>
  <testcase name="testCaseRequest" time="0.064" classname="com.api.test.ApiTest"/>
  <testcase name="testCaseRequest" time="0.064" classname="com.api.test.ApiTest"/>
  <testcase name="testCaseRequest" time="0.078" classname="com.api.test.ApiTest"/>
  <testcase name="testCaseRequest" time="0.442" classname="com.api.test.ApiTest"/>
  <testcase name="testCaseRequest" time="0.13" classname="com.api.test.ApiTest"/>
  <testcase name="testCaseRequest" time="0.038" classname="com.api.test.ApiTest">
    <failure type="java.lang.Throwable">
      <![CDATA[java.lang.Throwable
at message : 
请求Url为: https://zlzxy.zhixueyun.com/api/v1/system/grant/grant-member-by-init?_=1578275896797
Response消息为: 
{
"error":0,
"errorCode":900001,
"extend":{},
"message":"Invalid input.",
"url":""
}
 expected [200] but found [422] in method : .testCaseRequest(ApiTest:92)
at com.api.test.ApiTest.apiTestMethod(ApiTest.java:140)
at com.api.test.ApiTest.testCaseRequest(ApiTest.java:92)
]]>
    </failure>
  </testcase> <!-- testCaseRequest -->
  <testcase name="testCaseRequest" time="0.322" classname="com.api.test.ApiTest"/>
  <testcase name="testCaseRequest" time="0.056" classname="com.api.test.ApiTest"/>
  <testcase name="testCaseRequest" time="0.2" classname="com.api.test.ApiTest"/>
  <testcase name="testCaseRequest" time="0.051" classname="com.api.test.ApiTest"/>
  <testcase name="testCaseRequest" time="0.436" classname="com.api.test.ApiTest"/>
  <testcase name="testCaseRequest" time="0.194" classname="com.api.test.ApiTest"/>
  <testcase name="testCaseRequest" time="0.048" classname="com.api.test.ApiTest"/>
  <testcase name="testCaseRequest" time="0.051" classname="com.api.test.ApiTest"/>
  <testcase name="testCaseRequest" time="0.044" classname="com.api.test.ApiTest"/>
  <testcase name="testCaseRequest" time="0.105" classname="com.api.test.ApiTest"/>
  <testcase name="testCaseRequest" time="0.061" classname="com.api.test.ApiTest"/>
  <testcase name="testCaseRequest" time="0.432" classname="com.api.test.ApiTest"/>
  <testcase name="testCaseRequest" time="0.057" classname="com.api.test.ApiTest"/>
  <testcase name="testCaseRequest" time="0.279" classname="com.api.test.ApiTest"/>
  <testcase name="testCaseRequest" time="0.045" classname="com.api.test.ApiTest"/>
  <testcase name="testCaseRequest" time="0.145" classname="com.api.test.ApiTest"/>
  <testcase name="testCaseRequest" time="0.097" classname="com.api.test.ApiTest"/>
  <testcase name="testCaseRequest" time="0.133" classname="com.api.test.ApiTest"/>
  <testcase name="testCaseRequest" time="0.058" classname="com.api.test.ApiTest"/>
  <testcase name="testCaseRequest" time="0.059" classname="com.api.test.ApiTest"/>
  <testcase name="testCaseRequest" time="0.049" classname="com.api.test.ApiTest"/>
  <testcase name="testCaseRequest" time="0.448" classname="com.api.test.ApiTest"/>
  <testcase name="testCaseRequest" time="0.099" classname="com.api.test.ApiTest"/>
  <testcase name="testCaseRequest" time="0.074" classname="com.api.test.ApiTest"/>
  <testcase name="testCaseRequest" time="0.09" classname="com.api.test.ApiTest"/>
  <testcase name="testCaseRequest" time="0.084" classname="com.api.test.ApiTest"/>
  <testcase name="testCaseRequest" time="0.061" classname="com.api.test.ApiTest"/>
  <testcase name="testCaseRequest" time="0.058" classname="com.api.test.ApiTest"/>
  <testcase name="testCaseRequest" time="0.062" classname="com.api.test.ApiTest"/>
  <testcase name="testCaseRequest" time="0.045" classname="com.api.test.ApiTest"/>
  <testcase name="testCaseRequest" time="0.085" classname="com.api.test.ApiTest"/>
  <testcase name="testCaseRequest" time="0.095" classname="com.api.test.ApiTest"/>
  <testcase name="testCaseRequest" time="0.057" classname="com.api.test.ApiTest"/>
  <testcase name="testCaseRequest" time="0.078" classname="com.api.test.ApiTest"/>
  <testcase name="testCaseRequest" time="0.058" classname="com.api.test.ApiTest"/>
  <testcase name="testCaseRequest" time="0.073" classname="com.api.test.ApiTest"/>
  <testcase name="testCaseRequest" time="0.073" classname="com.api.test.ApiTest"/>
  <testcase name="testCaseRequest" time="0.058" classname="com.api.test.ApiTest"/>
  <testcase name="testCaseRequest" time="0.071" classname="com.api.test.ApiTest"/>
  <testcase name="testCaseRequest" time="0.077" classname="com.api.test.ApiTest"/>
  <testcase name="testCaseRequest" time="0.057" classname="com.api.test.ApiTest"/>
  <testcase name="testCaseRequest" time="0.072" classname="com.api.test.ApiTest"/>
  <testcase name="testCaseRequest" time="0.067" classname="com.api.test.ApiTest"/>
  <testcase name="testCaseRequest" time="0.062" classname="com.api.test.ApiTest"/>
  <testcase name="testCaseRequest" time="0.069" classname="com.api.test.ApiTest"/>
  <testcase name="testCaseRequest" time="0.097" classname="com.api.test.ApiTest"/>
  <testcase name="testCaseRequest" time="0.054" classname="com.api.test.ApiTest"/>
  <testcase name="testCaseRequest" time="0.075" classname="com.api.test.ApiTest"/>
  <testcase name="testCaseRequest" time="0.072" classname="com.api.test.ApiTest"/>
  <testcase name="testCaseRequest" time="0.053" classname="com.api.test.ApiTest"/>
  <testcase name="testCaseRequest" time="0.075" classname="com.api.test.ApiTest"/>
  <testcase name="testCaseRequest" time="0.071" classname="com.api.test.ApiTest"/>
  <testcase name="testCaseRequest" time="0.061" classname="com.api.test.ApiTest"/>
  <testcase name="testCaseRequest" time="0.045" classname="com.api.test.ApiTest"/>
  <testcase name="testCaseRequest" time="0.044" classname="com.api.test.ApiTest"/>
  <testcase name="testCaseRequest" time="0.182" classname="com.api.test.ApiTest"/>
  <testcase name="testCaseRequest" time="0.16" classname="com.api.test.ApiTest"/>
  <testcase name="testCaseRequest" time="0.04" classname="com.api.test.ApiTest"/>
  <testcase name="testCaseRequest" time="0.075" classname="com.api.test.ApiTest"/>
  <testcase name="testCaseRequest" time="0.038" classname="com.api.test.ApiTest"/>
  <testcase name="testCaseRequest" time="0.065" classname="com.api.test.ApiTest"/>
  <testcase name="testCaseRequest" time="0.042" classname="com.api.test.ApiTest"/>
  <testcase name="testCaseRequest" time="0.065" classname="com.api.test.ApiTest"/>
  <testcase name="testCaseRequest" time="0.039" classname="com.api.test.ApiTest"/>
  <testcase name="testCaseRequest" time="0.08" classname="com.api.test.ApiTest"/>
  <testcase name="testCaseRequest" time="0.039" classname="com.api.test.ApiTest"/>
  <testcase name="testCaseRequest" time="0.076" classname="com.api.test.ApiTest"/>
  <testcase name="testCaseRequest" time="0.103" classname="com.api.test.ApiTest"/>
  <testcase name="testCaseRequest" time="0.038" classname="com.api.test.ApiTest"/>
  <testcase name="testCaseRequest" time="0.038" classname="com.api.test.ApiTest"/>
  <testcase name="testCaseRequest" time="0.035" classname="com.api.test.ApiTest"/>
  <testcase name="testCaseRequest" time="0.069" classname="com.api.test.ApiTest"/>
  <testcase name="testCaseRequest" time="0.078" classname="com.api.test.ApiTest"/>
  <testcase name="testCaseRequest" time="0.072" classname="com.api.test.ApiTest"/>
  <testcase name="testCaseRequest" time="0.039" classname="com.api.test.ApiTest"/>
  <testcase name="testCaseRequest" time="0.067" classname="com.api.test.ApiTest"/>
  <testcase name="testCaseRequest" time="0.038" classname="com.api.test.ApiTest"/>
  <testcase name="testCaseRequest" time="0.075" classname="com.api.test.ApiTest"/>
  <testcase name="testCaseRequest" time="0.038" classname="com.api.test.ApiTest"/>
  <testcase name="testCaseRequest" time="0.067" classname="com.api.test.ApiTest"/>
  <testcase name="testCaseRequest" time="0.037" classname="com.api.test.ApiTest"/>
  <testcase name="testCaseRequest" time="0.065" classname="com.api.test.ApiTest"/>
  <testcase name="testCaseRequest" time="0.037" classname="com.api.test.ApiTest"/>
  <testcase name="testCaseRequest" time="0.069" classname="com.api.test.ApiTest"/>
  <testcase name="testCaseRequest" time="0.039" classname="com.api.test.ApiTest"/>
  <testcase name="testCaseRequest" time="0.068" classname="com.api.test.ApiTest"/>
  <testcase name="testCaseRequest" time="0.038" classname="com.api.test.ApiTest"/>
  <testcase name="testCaseRequest" time="0.082" classname="com.api.test.ApiTest"/>
  <testcase name="testCaseRequest" time="0.037" classname="com.api.test.ApiTest"/>
  <testcase name="testCaseRequest" time="0.069" classname="com.api.test.ApiTest"/>
  <testcase name="testCaseRequest" time="0.05" classname="com.api.test.ApiTest"/>
  <testcase name="testCaseRequest" time="0.073" classname="com.api.test.ApiTest"/>
  <testcase name="testCaseRequest" time="0.04" classname="com.api.test.ApiTest"/>
  <testcase name="testCaseRequest" time="0.069" classname="com.api.test.ApiTest"/>
  <testcase name="testCaseRequest" time="0.04" classname="com.api.test.ApiTest"/>
  <testcase name="testCaseRequest" time="0.073" classname="com.api.test.ApiTest"/>
  <testcase name="testCaseRequest" time="0.037" classname="com.api.test.ApiTest"/>
  <testcase name="testCaseRequest" time="0.072" classname="com.api.test.ApiTest"/>
  <testcase name="testCaseRequest" time="0.039" classname="com.api.test.ApiTest"/>
  <testcase name="testCaseRequest" time="0.072" classname="com.api.test.ApiTest"/>
  <testcase name="testCaseRequest" time="0.037" classname="com.api.test.ApiTest"/>
  <testcase name="testCaseRequest" time="0.068" classname="com.api.test.ApiTest"/>
  <testcase name="testCaseRequest" time="0.039" classname="com.api.test.ApiTest"/>
  <testcase name="testCaseRequest" time="0.075" classname="com.api.test.ApiTest"/>
  <testcase name="testCaseRequest" time="0.038" classname="com.api.test.ApiTest"/>
  <testcase name="testCaseRequest" time="0.077" classname="com.api.test.ApiTest"/>
  <testcase name="testCaseRequest" time="0.036" classname="com.api.test.ApiTest"/>
  <testcase name="testCaseRequest" time="0.069" classname="com.api.test.ApiTest"/>
  <testcase name="testCaseRequest" time="0.051" classname="com.api.test.ApiTest"/>
  <testcase name="testCaseRequest" time="0.065" classname="com.api.test.ApiTest"/>
  <testcase name="testCaseRequest" time="0.035" classname="com.api.test.ApiTest"/>
  <testcase name="testCaseRequest" time="0.084" classname="com.api.test.ApiTest"/>
  <testcase name="testCaseRequest" time="0.039" classname="com.api.test.ApiTest"/>
  <testcase name="testCaseRequest" time="0.092" classname="com.api.test.ApiTest"/>
  <testcase name="testCaseRequest" time="0.04" classname="com.api.test.ApiTest"/>
  <testcase name="testCaseRequest" time="0.047" classname="com.api.test.ApiTest"/>
  <testcase name="testCaseRequest" time="0.04" classname="com.api.test.ApiTest"/>
  <testcase name="testCaseRequest" time="0.073" classname="com.api.test.ApiTest"/>
  <testcase name="testCaseRequest" time="0.038" classname="com.api.test.ApiTest"/>
  <testcase name="testCaseRequest" time="0.067" classname="com.api.test.ApiTest"/>
  <testcase name="testCaseRequest" time="0.057" classname="com.api.test.ApiTest"/>
  <testcase name="testCaseRequest" time="0.039" classname="com.api.test.ApiTest"/>
  <testcase name="testCaseRequest" time="0.079" classname="com.api.test.ApiTest"/>
  <testcase name="testCaseRequest" time="0.036" classname="com.api.test.ApiTest"/>
  <testcase name="testCaseRequest" time="0.068" classname="com.api.test.ApiTest"/>
  <testcase name="testCaseRequest" time="0.036" classname="com.api.test.ApiTest"/>
  <testcase name="testCaseRequest" time="0.063" classname="com.api.test.ApiTest"/>
  <testcase name="testCaseRequest" time="0.038" classname="com.api.test.ApiTest"/>
  <testcase name="testCaseRequest" time="0.074" classname="com.api.test.ApiTest"/>
  <testcase name="testCaseRequest" time="0.038" classname="com.api.test.ApiTest"/>
  <testcase name="testCaseRequest" time="0.07" classname="com.api.test.ApiTest"/>
  <testcase name="testCaseRequest" time="0.038" classname="com.api.test.ApiTest"/>
  <testcase name="testCaseRequest" time="0.079" classname="com.api.test.ApiTest"/>
  <testcase name="testCaseRequest" time="0.037" classname="com.api.test.ApiTest"/>
  <testcase name="testCaseRequest" time="0.065" classname="com.api.test.ApiTest"/>
  <testcase name="testCaseRequest" time="0.037" classname="com.api.test.ApiTest"/>
  <testcase name="testCaseRequest" time="0.064" classname="com.api.test.ApiTest"/>
  <testcase name="testCaseRequest" time="0.036" classname="com.api.test.ApiTest"/>
  <testcase name="testCaseRequest" time="0.067" classname="com.api.test.ApiTest"/>
  <testcase name="testCaseRequest" time="0.041" classname="com.api.test.ApiTest"/>
  <testcase name="testCaseRequest" time="0.087" classname="com.api.test.ApiTest"/>
  <testcase name="testCaseRequest" time="0.037" classname="com.api.test.ApiTest"/>
  <testcase name="testCaseRequest" time="0.068" classname="com.api.test.ApiTest"/>
  <testcase name="testCaseRequest" time="0.04" classname="com.api.test.ApiTest"/>
  <testcase name="testCaseRequest" time="0.079" classname="com.api.test.ApiTest"/>
  <testcase name="testCaseRequest" time="0.055" classname="com.api.test.ApiTest"/>
  <testcase name="testCaseRequest" time="1.611" classname="com.api.test.ApiTest"/>
  <testcase name="testCaseRequest" time="0.045" classname="com.api.test.ApiTest"/>
  <testcase name="testCaseRequest" time="1.583" classname="com.api.test.ApiTest"/>
  <testcase name="testCaseRequest" time="1.911" classname="com.api.test.ApiTest"/>
  <testcase name="testCaseRequest" time="1.681" classname="com.api.test.ApiTest"/>
  <testcase name="testCaseRequest" time="2.919" classname="com.api.test.ApiTest"/>
  <testcase name="testCaseRequest" time="0.059" classname="com.api.test.ApiTest"/>
  <testcase name="testCaseRequest" time="0.048" classname="com.api.test.ApiTest"/>
  <testcase name="testCaseRequest" time="0.058" classname="com.api.test.ApiTest"/>
  <testcase name="testCaseRequest" time="0.046" classname="com.api.test.ApiTest"/>
  <testcase name="testCaseRequest" time="0.176" classname="com.api.test.ApiTest"/>
  <testcase name="testCaseRequest" time="0.727" classname="com.api.test.ApiTest"/>
  <testcase name="testCaseRequest" time="0.067" classname="com.api.test.ApiTest"/>
  <testcase name="testCaseRequest" time="0.089" classname="com.api.test.ApiTest"/>
  <testcase name="testCaseRequest" time="0.081" classname="com.api.test.ApiTest"/>
  <testcase name="testCaseRequest" time="0.069" classname="com.api.test.ApiTest"/>
  <testcase name="testCaseRequest" time="0.09" classname="com.api.test.ApiTest"/>
  <testcase name="testCaseRequest" time="0.077" classname="com.api.test.ApiTest"/>
  <testcase name="testCaseRequest" time="0.053" classname="com.api.test.ApiTest"/>
  <testcase name="testCaseRequest" time="0.12" classname="com.api.test.ApiTest"/>
  <testcase name="testCaseRequest" time="0.042" classname="com.api.test.ApiTest"/>
  <testcase name="testCaseRequest" time="0.044" classname="com.api.test.ApiTest"/>
  <testcase name="testCaseRequest" time="0.058" classname="com.api.test.ApiTest"/>
  <testcase name="testCaseRequest" time="0.459" classname="com.api.test.ApiTest"/>
  <testcase name="testCaseRequest" time="0.041" classname="com.api.test.ApiTest"/>
  <testcase name="testCaseRequest" time="0.04" classname="com.api.test.ApiTest"/>
  <testcase name="testCaseRequest" time="0.044" classname="com.api.test.ApiTest"/>
  <testcase name="testCaseRequest" time="0.06" classname="com.api.test.ApiTest"/>
  <testcase name="testCaseRequest" time="0.493" classname="com.api.test.ApiTest"/>
  <testcase name="testCaseRequest" time="0.043" classname="com.api.test.ApiTest"/>
  <testcase name="testCaseRequest" time="0.043" classname="com.api.test.ApiTest"/>
  <testcase name="testCaseRequest" time="0.048" classname="com.api.test.ApiTest"/>
  <testcase name="testCaseRequest" time="0.048" classname="com.api.test.ApiTest"/>
  <testcase name="testCaseRequest" time="0.456" classname="com.api.test.ApiTest"/>
  <testcase name="testCaseRequest" time="0.043" classname="com.api.test.ApiTest"/>
  <testcase name="testCaseRequest" time="0.042" classname="com.api.test.ApiTest"/>
  <testcase name="testCaseRequest" time="0.048" classname="com.api.test.ApiTest"/>
  <testcase name="testCaseRequest" time="0.052" classname="com.api.test.ApiTest"/>
  <testcase name="testCaseRequest" time="0.441" classname="com.api.test.ApiTest"/>
  <testcase name="testCaseRequest" time="0.046" classname="com.api.test.ApiTest"/>
  <testcase name="testCaseRequest" time="0.043" classname="com.api.test.ApiTest"/>
  <testcase name="testCaseRequest" time="0.052" classname="com.api.test.ApiTest"/>
  <testcase name="testCaseRequest" time="0.054" classname="com.api.test.ApiTest"/>
  <testcase name="testCaseRequest" time="1.775" classname="com.api.test.ApiTest"/>
  <testcase name="testCaseRequest" time="0.052" classname="com.api.test.ApiTest"/>
  <testcase name="testCaseRequest" time="0.041" classname="com.api.test.ApiTest"/>
  <testcase name="testCaseRequest" time="0.045" classname="com.api.test.ApiTest"/>
  <testcase name="testCaseRequest" time="0.05" classname="com.api.test.ApiTest"/>
  <testcase name="testCaseRequest" time="0.472" classname="com.api.test.ApiTest"/>
  <testcase name="testCaseRequest" time="0.046" classname="com.api.test.ApiTest"/>
  <testcase name="testCaseRequest" time="0.043" classname="com.api.test.ApiTest"/>
  <testcase name="testCaseRequest" time="0.047" classname="com.api.test.ApiTest"/>
  <testcase name="testCaseRequest" time="0.054" classname="com.api.test.ApiTest"/>
  <testcase name="testCaseRequest" time="0.448" classname="com.api.test.ApiTest"/>
  <testcase name="testCaseRequest" time="0.046" classname="com.api.test.ApiTest"/>
  <testcase name="testCaseRequest" time="0.044" classname="com.api.test.ApiTest"/>
  <testcase name="testCaseRequest" time="0.047" classname="com.api.test.ApiTest"/>
  <testcase name="testCaseRequest" time="0.049" classname="com.api.test.ApiTest"/>
  <testcase name="testCaseRequest" time="0.086" classname="com.api.test.ApiTest"/>
  <testcase name="testCaseRequest" time="0.042" classname="com.api.test.ApiTest"/>
  <testcase name="testCaseRequest" time="0.045" classname="com.api.test.ApiTest"/>
  <testcase name="testCaseRequest" time="0.045" classname="com.api.test.ApiTest"/>
  <testcase name="testCaseRequest" time="0.051" classname="com.api.test.ApiTest"/>
  <testcase name="testCaseRequest" time="0.077" classname="com.api.test.ApiTest"/>
  <testcase name="testCaseRequest" time="0.422" classname="com.api.test.ApiTest"/>
  <testcase name="testCaseRequest" time="0.255" classname="com.api.test.ApiTest"/>
  <testcase name="testCaseRequest" time="0.067" classname="com.api.test.ApiTest"/>
  <testcase name="testCaseRequest" time="0.077" classname="com.api.test.ApiTest"/>
  <testcase name="testCaseRequest" time="0.112" classname="com.api.test.ApiTest"/>
  <testcase name="testCaseRequest" time="0.043" classname="com.api.test.ApiTest"/>
  <testcase name="testCaseRequest" time="0.409" classname="com.api.test.ApiTest"/>
  <testcase name="testCaseRequest" time="0.105" classname="com.api.test.ApiTest"/>
  <testcase name="testCaseRequest" time="0.062" classname="com.api.test.ApiTest"/>
  <testcase name="testCaseRequest" time="0.056" classname="com.api.test.ApiTest"/>
  <testcase name="testCaseRequest" time="0.116" classname="com.api.test.ApiTest"/>
  <testcase name="testCaseRequest" time="0.429" classname="com.api.test.ApiTest"/>
  <testcase name="testCaseRequest" time="0.438" classname="com.api.test.ApiTest"/>
  <testcase name="testCaseRequest" time="4.39" classname="com.api.test.ApiTest"/>
  <testcase name="testCaseRequest" time="0.441" classname="com.api.test.ApiTest"/>
  <testcase name="testCaseRequest" time="0.438" classname="com.api.test.ApiTest"/>
  <testcase name="testCaseRequest" time="0.047" classname="com.api.test.ApiTest"/>
  <testcase name="testCaseRequest" time="0.113" classname="com.api.test.ApiTest"/>
  <testcase name="testCaseRequest" time="0.18" classname="com.api.test.ApiTest"/>
  <testcase name="testCaseRequest" time="0.121" classname="com.api.test.ApiTest"/>
  <testcase name="testCaseRequest" time="0.058" classname="com.api.test.ApiTest"/>
  <testcase name="testCaseRequest" time="0.043" classname="com.api.test.ApiTest"/>
  <testcase name="testCaseRequest" time="0.709" classname="com.api.test.ApiTest"/>
  <testcase name="testCaseRequest" time="0.098" classname="com.api.test.ApiTest"/>
  <testcase name="testCaseRequest" time="0.369" classname="com.api.test.ApiTest"/>
  <testcase name="testCaseRequest" time="0.04" classname="com.api.test.ApiTest"/>
  <testcase name="testCaseRequest" time="0.139" classname="com.api.test.ApiTest"/>
  <testcase name="testCaseRequest" time="0.431" classname="com.api.test.ApiTest"/>
  <testcase name="testCaseRequest" time="0.273" classname="com.api.test.ApiTest"/>
  <testcase name="testCaseRequest" time="0.053" classname="com.api.test.ApiTest"/>
  <testcase name="testCaseRequest" time="0.103" classname="com.api.test.ApiTest"/>
  <testcase name="testCaseRequest" time="1.453" classname="com.api.test.ApiTest"/>
  <testcase name="testCaseRequest" time="0.203" classname="com.api.test.ApiTest"/>
  <testcase name="testCaseRequest" time="0.062" classname="com.api.test.ApiTest"/>
  <testcase name="testCaseRequest" time="0.07" classname="com.api.test.ApiTest"/>
  <testcase name="testCaseRequest" time="0.041" classname="com.api.test.ApiTest"/>
  <testcase name="testCaseRequest" time="0.042" classname="com.api.test.ApiTest"/>
  <testcase name="testCaseRequest" time="0.084" classname="com.api.test.ApiTest"/>
  <testcase name="testCaseRequest" time="0.114" classname="com.api.test.ApiTest"/>
  <testcase name="testCaseRequest" time="0.054" classname="com.api.test.ApiTest"/>
  <testcase name="testCaseRequest" time="0.039" classname="com.api.test.ApiTest"/>
  <testcase name="testCaseRequest" time="0.091" classname="com.api.test.ApiTest"/>
  <testcase name="testCaseRequest" time="0.099" classname="com.api.test.ApiTest"/>
  <testcase name="testCaseRequest" time="0.081" classname="com.api.test.ApiTest"/>
  <testcase name="testCaseRequest" time="0.443" classname="com.api.test.ApiTest"/>
  <testcase name="testCaseRequest" time="0.119" classname="com.api.test.ApiTest"/>
  <testcase name="testCaseRequest" time="0.568" classname="com.api.test.ApiTest"/>
  <testcase name="testCaseRequest" time="0.079" classname="com.api.test.ApiTest"/>
  <testcase name="testCaseRequest" time="0.045" classname="com.api.test.ApiTest"/>
  <testcase name="testCaseRequest" time="0.059" classname="com.api.test.ApiTest"/>
  <testcase name="testCaseRequest" time="0.068" classname="com.api.test.ApiTest"/>
  <testcase name="testCaseRequest" time="0.066" classname="com.api.test.ApiTest"/>
  <testcase name="testCaseRequest" time="0.076" classname="com.api.test.ApiTest"/>
  <testcase name="testCaseRequest" time="0.068" classname="com.api.test.ApiTest"/>
  <testcase name="testCaseRequest" time="0.052" classname="com.api.test.ApiTest"/>
  <testcase name="testCaseRequest" time="0.037" classname="com.api.test.ApiTest"/>
  <testcase name="testCaseRequest" time="0.153" classname="com.api.test.ApiTest"/>
  <testcase name="testCaseRequest" time="0.066" classname="com.api.test.ApiTest"/>
  <testcase name="testCaseRequest" time="0.036" classname="com.api.test.ApiTest"/>
  <testcase name="testCaseRequest" time="0.549" classname="com.api.test.ApiTest"/>
  <testcase name="testCaseRequest" time="0.073" classname="com.api.test.ApiTest"/>
  <testcase name="testCaseRequest" time="4.345" classname="com.api.test.ApiTest"/>
  <testcase name="testCaseRequest" time="0.203" classname="com.api.test.ApiTest"/>
  <testcase name="testCaseRequest" time="0.101" classname="com.api.test.ApiTest"/>
  <testcase name="testCaseRequest" time="0.052" classname="com.api.test.ApiTest"/>
  <testcase name="testCaseRequest" time="0.431" classname="com.api.test.ApiTest"/>
  <testcase name="testCaseRequest" time="0.044" classname="com.api.test.ApiTest"/>
  <testcase name="testCaseRequest" time="0.104" classname="com.api.test.ApiTest"/>
  <testcase name="testCaseRequest" time="0.049" classname="com.api.test.ApiTest"/>
  <testcase name="testCaseRequest" time="0.074" classname="com.api.test.ApiTest"/>
  <testcase name="testCaseRequest" time="0.043" classname="com.api.test.ApiTest"/>
  <testcase name="testCaseRequest" time="0.052" classname="com.api.test.ApiTest"/>
  <testcase name="testCaseRequest" time="0.071" classname="com.api.test.ApiTest"/>
  <testcase name="testCaseRequest" time="0.074" classname="com.api.test.ApiTest"/>
  <testcase name="testCaseRequest" time="0.136" classname="com.api.test.ApiTest"/>
  <testcase name="testCaseRequest" time="0.06" classname="com.api.test.ApiTest"/>
  <testcase name="testCaseRequest" time="0.041" classname="com.api.test.ApiTest"/>
  <testcase name="testCaseRequest" time="0.111" classname="com.api.test.ApiTest"/>
  <testcase name="testCaseRequest" time="0.04" classname="com.api.test.ApiTest"/>
  <testcase name="testCaseRequest" time="0.035" classname="com.api.test.ApiTest"/>
  <testcase name="testCaseRequest" time="0.417" classname="com.api.test.ApiTest"/>
  <testcase name="testCaseRequest" time="0.105" classname="com.api.test.ApiTest"/>
  <testcase name="testCaseRequest" time="0.042" classname="com.api.test.ApiTest"/>
  <testcase name="testCaseRequest" time="0.56" classname="com.api.test.ApiTest"/>
  <testcase name="testCaseRequest" time="0.114" classname="com.api.test.ApiTest"/>
  <testcase name="testCaseRequest" time="4.205" classname="com.api.test.ApiTest"/>
  <testcase name="testCaseRequest" time="0.216" classname="com.api.test.ApiTest"/>
  <testcase name="testCaseRequest" time="0.085" classname="com.api.test.ApiTest"/>
  <testcase name="testCaseRequest" time="0.044" classname="com.api.test.ApiTest"/>
  <testcase name="testCaseRequest" time="1.372" classname="com.api.test.ApiTest"/>
  <testcase name="testCaseRequest" time="0.062" classname="com.api.test.ApiTest"/>
  <testcase name="testCaseRequest" time="0.105" classname="com.api.test.ApiTest"/>
  <testcase name="testCaseRequest" time="0.043" classname="com.api.test.ApiTest"/>
  <testcase name="testCaseRequest" time="0.181" classname="com.api.test.ApiTest"/>
  <testcase name="testCaseRequest" time="0.139" classname="com.api.test.ApiTest"/>
  <testcase name="testCaseRequest" time="0.052" classname="com.api.test.ApiTest"/>
  <testcase name="testCaseRequest" time="0.041" classname="com.api.test.ApiTest"/>
  <testcase name="testCaseRequest" time="0.04" classname="com.api.test.ApiTest"/>
  <testcase name="testCaseRequest" time="0.063" classname="com.api.test.ApiTest"/>
  <testcase name="testCaseRequest" time="0.079" classname="com.api.test.ApiTest"/>
  <testcase name="testCaseRequest" time="0.085" classname="com.api.test.ApiTest"/>
  <testcase name="testCaseRequest" time="0.075" classname="com.api.test.ApiTest"/>
  <testcase name="testCaseRequest" time="0.075" classname="com.api.test.ApiTest"/>
  <testcase name="testCaseRequest" time="0.063" classname="com.api.test.ApiTest"/>
  <testcase name="testCaseRequest" time="0.059" classname="com.api.test.ApiTest"/>
  <testcase name="testCaseRequest" time="0.052" classname="com.api.test.ApiTest"/>
  <testcase name="testCaseRequest" time="0.432" classname="com.api.test.ApiTest"/>
  <testcase name="testCaseRequest" time="0.091" classname="com.api.test.ApiTest"/>
  <testcase name="testCaseRequest" time="0.099" classname="com.api.test.ApiTest"/>
  <testcase name="testCaseRequest" time="0.431" classname="com.api.test.ApiTest"/>
  <testcase name="testCaseRequest" time="0.26" classname="com.api.test.ApiTest"/>
  <testcase name="testCaseRequest" time="0.067" classname="com.api.test.ApiTest"/>
  <testcase name="testCaseRequest" time="0.043" classname="com.api.test.ApiTest"/>
  <testcase name="testCaseRequest" time="0.043" classname="com.api.test.ApiTest"/>
  <testcase name="testCaseRequest" time="0.039" classname="com.api.test.ApiTest"/>
  <testcase name="testCaseRequest" time="0.038" classname="com.api.test.ApiTest"/>
  <testcase name="testCaseRequest" time="0.039" classname="com.api.test.ApiTest"/>
  <testcase name="testCaseRequest" time="0.101" classname="com.api.test.ApiTest"/>
  <testcase name="testCaseRequest" time="0.068" classname="com.api.test.ApiTest"/>
  <testcase name="testCaseRequest" time="0.044" classname="com.api.test.ApiTest"/>
  <testcase name="testCaseRequest" time="0.2" classname="com.api.test.ApiTest"/>
  <testcase name="testCaseRequest" time="0.041" classname="com.api.test.ApiTest"/>
  <testcase name="testCaseRequest" time="0.045" classname="com.api.test.ApiTest"/>
  <testcase name="testCaseRequest" time="0.193" classname="com.api.test.ApiTest"/>
  <testcase name="testCaseRequest" time="0.06" classname="com.api.test.ApiTest"/>
  <testcase name="testCaseRequest" time="0.059" classname="com.api.test.ApiTest"/>
  <testcase name="testCaseRequest" time="0.042" classname="com.api.test.ApiTest"/>
  <testcase name="testCaseRequest" time="0.047" classname="com.api.test.ApiTest"/>
  <testcase name="testCaseRequest" time="0.071" classname="com.api.test.ApiTest"/>
  <testcase name="testCaseRequest" time="0.104" classname="com.api.test.ApiTest"/>
  <testcase name="testCaseRequest" time="0.059" classname="com.api.test.ApiTest"/>
  <testcase name="testCaseRequest" time="0.151" classname="com.api.test.ApiTest"/>
  <testcase name="testCaseRequest" time="0.131" classname="com.api.test.ApiTest"/>
  <testcase name="testCaseRequest" time="0.063" classname="com.api.test.ApiTest"/>
  <testcase name="testCaseRequest" time="0.817" classname="com.api.test.ApiTest"/>
  <testcase name="testCaseRequest" time="0.041" classname="com.api.test.ApiTest"/>
  <testcase name="testCaseRequest" time="0.7" classname="com.api.test.ApiTest"/>
  <testcase name="testCaseRequest" time="0.057" classname="com.api.test.ApiTest"/>
  <testcase name="testCaseRequest" time="0.054" classname="com.api.test.ApiTest"/>
  <testcase name="testCaseRequest" time="0.041" classname="com.api.test.ApiTest"/>
  <testcase name="testCaseRequest" time="0.049" classname="com.api.test.ApiTest"/>
</testsuite> <!-- Test -->
