<?xml version="1.0" encoding="UTF-8"?>
<!-- Generated by org.testng.reporters.JUnitXMLReporter -->
<testsuite hostname="QiuyedeMacBook-Air.local" name="Test" tests="3" failures="0" timestamp="12 Nov 2020 11:52:14 GMT" time="0.476" errors="0">
  <testcase name="test1" time="0.268" classname="com.lemon.java.maven.day6.testNGdemo.GroupsDemo"/>
  <testcase name="test2" time="0.033" classname="com.lemon.java.maven.day6.testNGdemo.GroupsDemo"/>
  <testcase name="test3" time="0.018" classname="com.lemon.java.maven.day6.testNGdemo.GroupsDemo"/>
</testsuite> <!-- Test -->
