<?xml version="1.0" encoding="UTF-8"?>
<testng-results skipped="0" failed="0" total="3" passed="3">
  <reporter-output>
  </reporter-output>
  <suite name="Suite" duration-ms="476" started-at="2020-11-12T11:52:14Z" finished-at="2020-11-12T11:52:14Z">
    <groups>
      <group name="g1">
        <method signature="GroupsDemo.test1()[pri:0, instance:com.lemon.java.maven.day6.testNGdemo.GroupsDemo@51efea79]" name="test1" class="com.lemon.java.maven.day6.testNGdemo.GroupsDemo"/>
        <method signature="GroupsDemo.test2()[pri:0, instance:com.lemon.java.maven.day6.testNGdemo.GroupsDemo@51efea79]" name="test2" class="com.lemon.java.maven.day6.testNGdemo.GroupsDemo"/>
        <method signature="GroupsDemo.test3()[pri:0, instance:com.lemon.java.maven.day6.testNGdemo.GroupsDemo@51efea79]" name="test3" class="com.lemon.java.maven.day6.testNGdemo.GroupsDemo"/>
      </group> <!-- g1 -->
    </groups>
    <test name="Test" duration-ms="476" started-at="2020-11-12T11:52:14Z" finished-at="2020-11-12T11:52:14Z">
      <class name="com.lemon.java.maven.day6.testNGdemo.GroupsDemo">
        <test-method status="PASS" signature="test1()[pri:0, instance:com.lemon.java.maven.day6.testNGdemo.GroupsDemo@51efea79]" name="test1" duration-ms="268" started-at="2020-11-12T19:52:14Z" finished-at="2020-11-12T19:52:14Z">
          <reporter-output>
          </reporter-output>
        </test-method> <!-- test1 -->
        <test-method status="PASS" signature="test2()[pri:0, instance:com.lemon.java.maven.day6.testNGdemo.GroupsDemo@51efea79]" name="test2" duration-ms="33" started-at="2020-11-12T19:52:14Z" finished-at="2020-11-12T19:52:14Z">
          <reporter-output>
          </reporter-output>
        </test-method> <!-- test2 -->
        <test-method status="PASS" signature="test3()[pri:0, instance:com.lemon.java.maven.day6.testNGdemo.GroupsDemo@51efea79]" name="test3" duration-ms="18" started-at="2020-11-12T19:52:14Z" finished-at="2020-11-12T19:52:14Z">
          <reporter-output>
          </reporter-output>
        </test-method> <!-- test3 -->
      </class> <!-- com.lemon.java.maven.day6.testNGdemo.GroupsDemo -->
    </test> <!-- Test -->
  </suite> <!-- Suite -->
</testng-results>
